<?xml version="1.0" encoding="UTF-8"?>
<!-- Generated by org.testng.reporters.JUnitReportReporter -->
<testsuite hostname="INPNRLT0375" failures="0" tests="1" name="Reports.ExtentReports.ExtentReportDemo" time="12.895" errors="0" timestamp="2023-01-10T15:26:19 IST" skipped="0">
  <testcase classname="Reports.ExtentReports.ExtentReportDemo" name="initialDemo" time="12.895"/>
  <system-out/>
</testsuite> <!-- Reports.ExtentReports.ExtentReportDemo -->
