<?xml version="1.0" encoding="UTF-8"?>
<!-- Generated by org.testng.reporters.JUnitReportReporter -->
<testsuite hostname="INPNRLT0375" failures="0" tests="2" name="TestNG.Day2" time="0.001" errors="0" timestamp="2023-01-04T15:05:35 IST" skipped="0">
  <testcase classname="TestNG.Day2" name="HomeLoan" time="0.001"/>
  <system-out/>
  <testcase classname="TestNG.Day2" name="Join" time="0.000"/>
  <system-out/>
</testsuite> <!-- TestNG.Day2 -->
