<?xml version="1.0" encoding="UTF-8"?>
<!-- Generated by org.testng.reporters.JUnitReportReporter -->
<testsuite hostname="INPNRLT0375" failures="0" tests="4" name="TestNG.Day3" time="0.004" errors="0" timestamp="2023-01-04T15:05:35 IST" skipped="0">
  <testcase classname="TestNG.Day3" name="WebloginCarLoan" time="0.001"/>
  <system-out/>
  <testcase classname="TestNG.Day3" name="Work" time="0.001"/>
  <system-out/>
  <testcase classname="TestNG.Day3" name="Work" time="0.001"/>
  <system-out/>
  <testcase classname="TestNG.Day3" name="LoginApiCarLoan" time="0.001"/>
  <system-out/>
</testsuite> <!-- TestNG.Day3 -->
