<?xml version="1.0" encoding="UTF-8"?>
<!-- Generated by org.testng.reporters.JUnitReportReporter -->
<testsuite hostname="INPNRLT0375" failures="0" tests="4" name="TestNG.Day4" time="0.003" errors="0" timestamp="2023-01-04T15:05:35 IST" skipped="0">
  <testcase classname="TestNG.Day4" name="Manager" time="0.001"/>
  <system-out/>
  <testcase classname="TestNG.Day4" name="Manager" time="0.001"/>
  <system-out/>
  <testcase classname="TestNG.Day4" name="Manager" time="0.001"/>
  <system-out/>
  <testcase classname="TestNG.Day4" name="Employee" time="0.000"/>
  <system-out/>
</testsuite> <!-- TestNG.Day4 -->
