<?xml version="1.0" encoding="UTF-8"?>
<!-- Generated by org.testng.reporters.JUnitReportReporter -->
<testsuite hostname="INPNRLT0375" failures="0" tests="1" name="TestNG.Demo" time="0.007" errors="0" timestamp="2023-01-03T14:03:29 IST" skipped="0">
  <testcase classname="TestNG.Demo" name="run" time="0.007"/>
  <system-out/>
</testsuite> <!-- TestNG.Demo -->
